{"/var/www/html/eslint-sortkeys-shorthand/lib/rules/sort-keys-shorthand.js":{"path":"/var/www/html/eslint-sortkeys-shorthand/lib/rules/sort-keys-shorthand.js","s":{"1":1,"2":1,"3":580,"4":580,"5":580,"6":580,"7":0,"8":0,"9":580,"10":104,"11":5,"12":5,"13":0,"14":465,"15":464,"16":1,"17":7,"18":1,"19":580,"20":580,"21":573,"22":7,"23":1,"24":145,"25":74,"26":72,"27":74,"28":46,"29":38,"30":36,"31":38,"32":1,"33":183,"34":183,"35":183,"36":183,"37":183,"38":183,"39":183,"40":183,"41":183,"42":183,"43":38,"44":36,"45":582,"46":2,"47":580,"48":580,"49":580,"50":580,"51":574,"52":580,"53":215,"54":365,"55":102},"b":{"1":[580,580,0],"2":[580,580],"3":[104,5,465],"4":[580,580],"5":[5,0],"6":[5,5],"7":[464,1],"8":[573,7],"9":[7,6],"10":[183,43],"11":[183,102],"12":[183,102],"13":[183,102],"14":[66,117],"15":[65,118],"16":[36,2],"17":[2,580],"18":[574,6],"19":[215,365],"20":[580,389,383],"21":[102,263],"22":[37,65],"23":[39,63]},"f":{"1":580,"2":580,"3":145,"4":74,"5":72,"6":74,"7":46,"8":38,"9":36,"10":38,"11":183,"12":183,"13":183,"14":38,"15":582},"fnMap":{"1":{"name":"getStaticPropertyName","line":9,"loc":{"start":{"line":9,"column":0},"end":{"line":9,"column":37}}},"2":{"name":"getPropertyName","line":62,"loc":{"start":{"line":62,"column":0},"end":{"line":62,"column":31}}},"3":{"name":"(anonymous_3)","line":80,"loc":{"start":{"line":80,"column":5},"end":{"line":80,"column":12}}},"4":{"name":"(anonymous_4)","line":83,"loc":{"start":{"line":83,"column":6},"end":{"line":83,"column":13}}},"5":{"name":"(anonymous_5)","line":86,"loc":{"start":{"line":86,"column":6},"end":{"line":86,"column":13}}},"6":{"name":"(anonymous_6)","line":89,"loc":{"start":{"line":89,"column":7},"end":{"line":89,"column":14}}},"7":{"name":"(anonymous_7)","line":92,"loc":{"start":{"line":92,"column":6},"end":{"line":92,"column":13}}},"8":{"name":"(anonymous_8)","line":95,"loc":{"start":{"line":95,"column":7},"end":{"line":95,"column":14}}},"9":{"name":"(anonymous_9)","line":98,"loc":{"start":{"line":98,"column":7},"end":{"line":98,"column":14}}},"10":{"name":"(anonymous_10)","line":101,"loc":{"start":{"line":101,"column":8},"end":{"line":101,"column":15}}},"11":{"name":"(anonymous_11)","line":147,"loc":{"start":{"line":147,"column":8},"end":{"line":147,"column":18}}},"12":{"name":"(anonymous_12)","line":161,"loc":{"start":{"line":161,"column":22},"end":{"line":161,"column":29}}},"13":{"name":"(anonymous_13)","line":169,"loc":{"start":{"line":169,"column":29},"end":{"line":169,"column":32}}},"14":{"name":"(anonymous_14)","line":173,"loc":{"start":{"line":173,"column":19},"end":{"line":173,"column":26}}},"15":{"name":"(anonymous_15)","line":179,"loc":{"start":{"line":179,"column":14},"end":{"line":179,"column":21}}}},"statementMap":{"1":{"start":{"line":7,"column":0},"end":{"line":7,"column":50}},"2":{"start":{"line":9,"column":0},"end":{"line":45,"column":1}},"3":{"start":{"line":10,"column":2},"end":{"line":10,"column":11}},"4":{"start":{"line":12,"column":2},"end":{"line":23,"column":3}},"5":{"start":{"line":15,"column":6},"end":{"line":15,"column":22}},"6":{"start":{"line":16,"column":6},"end":{"line":16,"column":12}},"7":{"start":{"line":19,"column":6},"end":{"line":19,"column":27}},"8":{"start":{"line":20,"column":6},"end":{"line":20,"column":12}},"9":{"start":{"line":25,"column":2},"end":{"line":42,"column":3}},"10":{"start":{"line":27,"column":6},"end":{"line":27,"column":32}},"11":{"start":{"line":30,"column":6},"end":{"line":32,"column":7}},"12":{"start":{"line":31,"column":8},"end":{"line":31,"column":43}},"13":{"start":{"line":33,"column":6},"end":{"line":33,"column":12}},"14":{"start":{"line":36,"column":6},"end":{"line":38,"column":7}},"15":{"start":{"line":37,"column":8},"end":{"line":37,"column":25}},"16":{"start":{"line":39,"column":6},"end":{"line":39,"column":12}},"17":{"start":{"line":44,"column":2},"end":{"line":44,"column":14}},"18":{"start":{"line":62,"column":0},"end":{"line":70,"column":1}},"19":{"start":{"line":63,"column":2},"end":{"line":63,"column":49}},"20":{"start":{"line":65,"column":2},"end":{"line":67,"column":3}},"21":{"start":{"line":66,"column":4},"end":{"line":66,"column":22}},"22":{"start":{"line":69,"column":2},"end":{"line":69,"column":31}},"23":{"start":{"line":79,"column":0},"end":{"line":104,"column":2}},"24":{"start":{"line":81,"column":4},"end":{"line":81,"column":18}},"25":{"start":{"line":84,"column":4},"end":{"line":84,"column":46}},"26":{"start":{"line":87,"column":4},"end":{"line":87,"column":37}},"27":{"start":{"line":90,"column":4},"end":{"line":90,"column":65}},"28":{"start":{"line":93,"column":4},"end":{"line":93,"column":35}},"29":{"start":{"line":96,"column":4},"end":{"line":96,"column":36}},"30":{"start":{"line":99,"column":4},"end":{"line":99,"column":36}},"31":{"start":{"line":102,"column":4},"end":{"line":102,"column":37}},"32":{"start":{"line":110,"column":0},"end":{"line":214,"column":2}},"33":{"start":{"line":149,"column":4},"end":{"line":149,"column":46}},"34":{"start":{"line":150,"column":4},"end":{"line":150,"column":39}},"35":{"start":{"line":151,"column":4},"end":{"line":151,"column":67}},"36":{"start":{"line":152,"column":4},"end":{"line":152,"column":46}},"37":{"start":{"line":153,"column":4},"end":{"line":153,"column":47}},"38":{"start":{"line":154,"column":4},"end":{"line":155,"column":76}},"39":{"start":{"line":158,"column":4},"end":{"line":158,"column":21}},"40":{"start":{"line":160,"column":4},"end":{"line":212,"column":6}},"41":{"start":{"line":162,"column":8},"end":{"line":166,"column":10}},"42":{"start":{"line":170,"column":8},"end":{"line":170,"column":28}},"43":{"start":{"line":174,"column":8},"end":{"line":176,"column":9}},"44":{"start":{"line":175,"column":10},"end":{"line":175,"column":32}},"45":{"start":{"line":180,"column":8},"end":{"line":182,"column":9}},"46":{"start":{"line":181,"column":10},"end":{"line":181,"column":17}},"47":{"start":{"line":184,"column":8},"end":{"line":184,"column":40}},"48":{"start":{"line":185,"column":8},"end":{"line":185,"column":38}},"49":{"start":{"line":186,"column":8},"end":{"line":186,"column":47}},"50":{"start":{"line":188,"column":8},"end":{"line":190,"column":9}},"51":{"start":{"line":189,"column":10},"end":{"line":189,"column":36}},"52":{"start":{"line":192,"column":8},"end":{"line":194,"column":9}},"53":{"start":{"line":193,"column":10},"end":{"line":193,"column":17}},"54":{"start":{"line":196,"column":8},"end":{"line":210,"column":9}},"55":{"start":{"line":197,"column":10},"end":{"line":209,"column":13}}},"branchMap":{"1":{"line":12,"type":"switch","locations":[{"start":{"line":13,"column":4},"end":{"line":13,"column":20}},{"start":{"line":14,"column":4},"end":{"line":16,"column":12}},{"start":{"line":18,"column":4},"end":{"line":20,"column":12}}]},"2":{"line":12,"type":"binary-expr","locations":[{"start":{"line":12,"column":10},"end":{"line":12,"column":14}},{"start":{"line":12,"column":18},"end":{"line":12,"column":27}}]},"3":{"line":25,"type":"switch","locations":[{"start":{"line":26,"column":4},"end":{"line":27,"column":32}},{"start":{"line":29,"column":4},"end":{"line":33,"column":12}},{"start":{"line":35,"column":4},"end":{"line":39,"column":12}}]},"4":{"line":25,"type":"binary-expr","locations":[{"start":{"line":25,"column":10},"end":{"line":25,"column":14}},{"start":{"line":25,"column":18},"end":{"line":25,"column":27}}]},"5":{"line":30,"type":"if","locations":[{"start":{"line":30,"column":6},"end":{"line":30,"column":6}},{"start":{"line":30,"column":6},"end":{"line":30,"column":6}}]},"6":{"line":30,"type":"binary-expr","locations":[{"start":{"line":30,"column":10},"end":{"line":30,"column":39}},{"start":{"line":30,"column":43},"end":{"line":30,"column":67}}]},"7":{"line":36,"type":"if","locations":[{"start":{"line":36,"column":6},"end":{"line":36,"column":6}},{"start":{"line":36,"column":6},"end":{"line":36,"column":6}}]},"8":{"line":65,"type":"if","locations":[{"start":{"line":65,"column":2},"end":{"line":65,"column":2}},{"start":{"line":65,"column":2},"end":{"line":65,"column":2}}]},"9":{"line":69,"type":"binary-expr","locations":[{"start":{"line":69,"column":9},"end":{"line":69,"column":22}},{"start":{"line":69,"column":26},"end":{"line":69,"column":30}}]},"10":{"line":149,"type":"binary-expr","locations":[{"start":{"line":149,"column":18},"end":{"line":149,"column":36}},{"start":{"line":149,"column":40},"end":{"line":149,"column":45}}]},"11":{"line":151,"type":"binary-expr","locations":[{"start":{"line":151,"column":24},"end":{"line":151,"column":31}},{"start":{"line":151,"column":35},"end":{"line":151,"column":66}}]},"12":{"line":152,"type":"binary-expr","locations":[{"start":{"line":152,"column":19},"end":{"line":152,"column":26}},{"start":{"line":152,"column":30},"end":{"line":152,"column":45}}]},"13":{"line":153,"type":"binary-expr","locations":[{"start":{"line":153,"column":20},"end":{"line":153,"column":27}},{"start":{"line":153,"column":31},"end":{"line":153,"column":46}}]},"14":{"line":155,"type":"cond-expr","locations":[{"start":{"line":155,"column":43},"end":{"line":155,"column":46}},{"start":{"line":155,"column":49},"end":{"line":155,"column":51}}]},"15":{"line":155,"type":"cond-expr","locations":[{"start":{"line":155,"column":65},"end":{"line":155,"column":68}},{"start":{"line":155,"column":71},"end":{"line":155,"column":73}}]},"16":{"line":174,"type":"if","locations":[{"start":{"line":174,"column":8},"end":{"line":174,"column":8}},{"start":{"line":174,"column":8},"end":{"line":174,"column":8}}]},"17":{"line":180,"type":"if","locations":[{"start":{"line":180,"column":8},"end":{"line":180,"column":8}},{"start":{"line":180,"column":8},"end":{"line":180,"column":8}}]},"18":{"line":188,"type":"if","locations":[{"start":{"line":188,"column":8},"end":{"line":188,"column":8}},{"start":{"line":188,"column":8},"end":{"line":188,"column":8}}]},"19":{"line":192,"type":"if","locations":[{"start":{"line":192,"column":8},"end":{"line":192,"column":8}},{"start":{"line":192,"column":8},"end":{"line":192,"column":8}}]},"20":{"line":192,"type":"binary-expr","locations":[{"start":{"line":192,"column":12},"end":{"line":192,"column":29}},{"start":{"line":192,"column":33},"end":{"line":192,"column":50}},{"start":{"line":192,"column":54},"end":{"line":192,"column":71}}]},"21":{"line":196,"type":"if","locations":[{"start":{"line":196,"column":8},"end":{"line":196,"column":8}},{"start":{"line":196,"column":8},"end":{"line":196,"column":8}}]},"22":{"line":206,"type":"cond-expr","locations":[{"start":{"line":206,"column":41},"end":{"line":206,"column":55}},{"start":{"line":206,"column":58},"end":{"line":206,"column":60}}]},"23":{"line":207,"type":"cond-expr","locations":[{"start":{"line":207,"column":31},"end":{"line":207,"column":41}},{"start":{"line":207,"column":44},"end":{"line":207,"column":46}}]}}}}