TN:
SF:/var/www/html/eslint-sortkeys-shorthand/lib/rules/sort-keys-shorthand.js
FN:9,getStaticPropertyName
FN:62,getPropertyName
FN:80,(anonymous_3)
FN:83,(anonymous_4)
FN:86,(anonymous_5)
FN:89,(anonymous_6)
FN:92,(anonymous_7)
FN:95,(anonymous_8)
FN:98,(anonymous_9)
FN:101,(anonymous_10)
FN:147,(anonymous_11)
FN:161,(anonymous_12)
FN:169,(anonymous_13)
FN:173,(anonymous_14)
FN:179,(anonymous_15)
FNF:15
FNH:15
FNDA:580,getStaticPropertyName
FNDA:580,getPropertyName
FNDA:145,(anonymous_3)
FNDA:74,(anonymous_4)
FNDA:72,(anonymous_5)
FNDA:74,(anonymous_6)
FNDA:46,(anonymous_7)
FNDA:38,(anonymous_8)
FNDA:36,(anonymous_9)
FNDA:38,(anonymous_10)
FNDA:183,(anonymous_11)
FNDA:183,(anonymous_12)
FNDA:183,(anonymous_13)
FNDA:38,(anonymous_14)
FNDA:582,(anonymous_15)
DA:7,1
DA:9,1
DA:10,580
DA:12,580
DA:15,580
DA:16,580
DA:19,0
DA:20,0
DA:25,580
DA:27,104
DA:30,5
DA:31,5
DA:33,0
DA:36,465
DA:37,464
DA:39,1
DA:44,7
DA:62,1
DA:63,580
DA:65,580
DA:66,573
DA:69,7
DA:79,1
DA:81,145
DA:84,74
DA:87,72
DA:90,74
DA:93,46
DA:96,38
DA:99,36
DA:102,38
DA:110,1
DA:149,183
DA:150,183
DA:151,183
DA:152,183
DA:153,183
DA:154,183
DA:158,183
DA:160,183
DA:162,183
DA:170,183
DA:174,38
DA:175,36
DA:180,582
DA:181,2
DA:184,580
DA:185,580
DA:186,580
DA:188,580
DA:189,574
DA:192,580
DA:193,215
DA:196,365
DA:197,102
LF:55
LH:52
BRDA:12,1,0,580
BRDA:12,1,1,580
BRDA:12,1,2,0
BRDA:12,2,0,580
BRDA:12,2,1,580
BRDA:25,3,0,104
BRDA:25,3,1,5
BRDA:25,3,2,465
BRDA:25,4,0,580
BRDA:25,4,1,580
BRDA:30,5,0,5
BRDA:30,5,1,0
BRDA:30,6,0,5
BRDA:30,6,1,5
BRDA:36,7,0,464
BRDA:36,7,1,1
BRDA:65,8,0,573
BRDA:65,8,1,7
BRDA:69,9,0,7
BRDA:69,9,1,6
BRDA:149,10,0,183
BRDA:149,10,1,43
BRDA:151,11,0,183
BRDA:151,11,1,102
BRDA:152,12,0,183
BRDA:152,12,1,102
BRDA:153,13,0,183
BRDA:153,13,1,102
BRDA:155,14,0,66
BRDA:155,14,1,117
BRDA:155,15,0,65
BRDA:155,15,1,118
BRDA:174,16,0,36
BRDA:174,16,1,2
BRDA:180,17,0,2
BRDA:180,17,1,580
BRDA:188,18,0,574
BRDA:188,18,1,6
BRDA:192,19,0,215
BRDA:192,19,1,365
BRDA:192,20,0,580
BRDA:192,20,1,389
BRDA:192,20,2,383
BRDA:196,21,0,102
BRDA:196,21,1,263
BRDA:206,22,0,37
BRDA:206,22,1,65
BRDA:207,23,0,39
BRDA:207,23,1,63
BRF:49
BRH:47
end_of_record
